<?xml version="1.0" encoding="UTF-8"?>
<!-- Generated by org.testng.reporters.JUnitReportReporter -->
<testsuite hostname="DESKTOP-8SU47GM" name="com.training.sanity.tests.LogOut_Teacher" tests="1" failures="0" timestamp="30 Jun 2019 08:35:05 GMT" time="18.534" errors="0">
  <testcase name="validLoginTest" time="18.534" classname="com.training.sanity.tests.LogOut_Teacher"/>
</testsuite> <!-- com.training.sanity.tests.LogOut_Teacher -->
