<?xml version="1.0" encoding="UTF-8"?>
<!-- Generated by org.testng.reporters.JUnitReportReporter -->
<testsuite hostname="DESKTOP-8SU47GM" name="com.training.sanity.tests.SignUpInValid" tests="1" failures="0" timestamp="9 Jul 2019 17:03:27 GMT" time="23.048" errors="0">
  <testcase name="validLoginTest" time="23.048" classname="com.training.sanity.tests.SignUpInValid"/>
</testsuite> <!-- com.training.sanity.tests.SignUpInValid -->
