<?xml version="1.0" encoding="UTF-8"?>
<!-- Generated by org.testng.reporters.JUnitReportReporter -->
<testsuite hostname="DESKTOP-8SU47GM" name="com.training.sanity.tests.SignUpValid" tests="1" failures="0" timestamp="29 Jun 2019 15:51:17 GMT" time="29.291" errors="0">
  <testcase name="validLoginTest" time="29.291" classname="com.training.sanity.tests.SignUpValid"/>
</testsuite> <!-- com.training.sanity.tests.SignUpValid -->
