<?xml version="1.0" encoding="UTF-8"?>
<!-- Generated by org.testng.reporters.JUnitReportReporter -->
<testsuite hostname="DESKTOP-8SU47GM" name="com.training.sanity.tests.ReportingStudent" tests="1" failures="0" timestamp="9 Jul 2019 17:14:24 GMT" time="65.262" errors="0">
  <testcase name="validLoginTest" time="65.262" classname="com.training.sanity.tests.ReportingStudent"/>
</testsuite> <!-- com.training.sanity.tests.ReportingStudent -->
