<?xml version="1.0" encoding="UTF-8"?>
<!-- Generated by org.testng.reporters.JUnitReportReporter -->
<testsuite hostname="DESKTOP-8SU47GM" name="com.training.regression.tests.LoginDBTest" tests="1" failures="0" timestamp="11 Jul 2019 15:25:09 GMT" time="37.117" errors="0">
  <testcase name="loginDBTest" time="37.117" classname="com.training.regression.tests.LoginDBTest"/>
</testsuite> <!-- com.training.regression.tests.LoginDBTest -->
