<?xml version="1.0" encoding="UTF-8"?>
<!-- Generated by org.testng.reporters.JUnitReportReporter -->
<testsuite hostname="DESKTOP-8SU47GM" name="com.training.sanity.tests.Administration" tests="1" failures="0" timestamp="9 Jul 2019 17:08:33 GMT" time="27.566" errors="0">
  <testcase name="validLoginTest" time="27.566" classname="com.training.sanity.tests.Administration"/>
</testsuite> <!-- com.training.sanity.tests.Administration -->
